Using pre-set license
Built from '2020.3/staging' branch; Version is '2020.3.33f1 (915a7af8b0d5) revision 9525882'; Using compiler version '192528614'; Build Type 'Release'
OS: 'Windows 10  (10.0.19044) 64bit Core' Language: 'en' Physical Memory: 32614 MB
BatchMode: 1, IsHumanControllingUs: 0, StartBugReporterOnCrash: 0, Is64bit: 1, IsPro: 0

COMMAND LINE ARGUMENTS:
C:\Program Files\Unity\Hub\Editor\2020.3.33f1\Editor\Unity.exe
-adb2
-batchMode
-noUpm
-name
AssetImportWorker0
-projectPath
C:/Users/Lotte/Google Drive/Thuis/Hobby/Github/TetrisClone/Tetris
-logFile
Logs/AssetImportWorker0.log
-srvPort
63589
Successfully changed project path to: C:/Users/Lotte/Google Drive/Thuis/Hobby/Github/TetrisClone/Tetris
C:/Users/Lotte/Google Drive/Thuis/Hobby/Github/TetrisClone/Tetris
Using Asset Import Pipeline V2.
Refreshing native plugins compatible for Editor in 52.48 ms, found 3 plugins.
Preloading 0 native plugins for Editor in 0.00 ms.
Initialize engine version: 2020.3.33f1 (915a7af8b0d5)
[Subsystems] Discovering subsystems at path C:/Program Files/Unity/Hub/Editor/2020.3.33f1/Editor/Data/Resources/UnitySubsystems
[Subsystems] Discovering subsystems at path C:/Users/Lotte/Google Drive/Thuis/Hobby/Github/TetrisClone/Tetris/Assets
GfxDevice: creating device client; threaded=0
Direct3D:
    Version:  Direct3D 11.0 [level 11.1]
    Renderer: NVIDIA GeForce GTX 1070 with Max-Q Design (ID=0x1ba1)
    Vendor:   
    VRAM:     8081 MB
    Driver:   30.0.14.9649
Initialize mono
Mono path[0] = 'C:/Program Files/Unity/Hub/Editor/2020.3.33f1/Editor/Data/Managed'
Mono path[1] = 'C:/Program Files/Unity/Hub/Editor/2020.3.33f1/Editor/Data/MonoBleedingEdge/lib/mono/unityjit'
Mono config path = 'C:/Program Files/Unity/Hub/Editor/2020.3.33f1/Editor/Data/MonoBleedingEdge/etc'
Using monoOptions --debugger-agent=transport=dt_socket,embedding=1,server=y,suspend=n,address=127.0.0.1:56652
Begin MonoManager ReloadAssembly
Registering precompiled unity dll's ...
Register platform support module: C:/Program Files/Unity/Hub/Editor/2020.3.33f1/Editor/Data/PlaybackEngines/WebGLSupport/UnityEditor.WebGL.Extensions.dll
Register platform support module: C:/Program Files/Unity/Hub/Editor/2020.3.33f1/Editor/Data/PlaybackEngines/WindowsStandaloneSupport/UnityEditor.WindowsStandalone.Extensions.dll
Registered in 0.003144 seconds.
Native extension for WindowsStandalone target not found
Native extension for WebGL target not found
Refreshing native plugins compatible for Editor in 45.22 ms, found 3 plugins.
Preloading 0 native plugins for Editor in 0.00 ms.
Mono: successfully reloaded assembly
- Completed reload, in  0.618 seconds
Domain Reload Profiling:
	ReloadAssembly (618ms)
		BeginReloadAssembly (114ms)
			ExecutionOrderSort (0ms)
			DisableScriptedObjects (0ms)
			BackupInstance (0ms)
			ReleaseScriptingObjects (0ms)
			CreateAndSetChildDomain (1ms)
		EndReloadAssembly (433ms)
			LoadAssemblies (113ms)
			RebuildTransferFunctionScriptingTraits (0ms)
			SetupTypeCache (143ms)
			ReleaseScriptCaches (0ms)
			RebuildScriptCaches (30ms)
			SetupLoadedEditorAssemblies (162ms)
				LogAssemblyErrors (0ms)
				InitializePlatformSupportModulesInManaged (5ms)
				SetLoadedEditorAssemblies (0ms)
				RefreshPlugins (45ms)
				BeforeProcessingInitializeOnLoad (7ms)
				ProcessInitializeOnLoadAttributes (77ms)
				ProcessInitializeOnLoadMethodAttributes (26ms)
				AfterProcessingInitializeOnLoad (0ms)
				EditorAssembliesLoaded (0ms)
			ExecutionOrderSort2 (0ms)
			AwakeInstancesAfterBackupRestoration (0ms)
Platform modules already initialized, skipping
Registering precompiled user dll's ...
Registered in 0.005578 seconds.
Begin MonoManager ReloadAssembly
Symbol file LoadedFromMemory doesn't match image C:\Users\Lotte\Google Drive\Thuis\Hobby\Github\TetrisClone\Tetris\Library\PackageCache\com.unity.collab-proxy@1.15.15\Lib\Editor\PlasticSCM\unityplastic.dll
Native extension for WindowsStandalone target not found
Native extension for WebGL target not found
Refreshing native plugins compatible for Editor in 42.89 ms, found 3 plugins.
Preloading 0 native plugins for Editor in 0.00 ms.
Mono: successfully reloaded assembly
- Completed reload, in  1.141 seconds
Domain Reload Profiling:
	ReloadAssembly (1142ms)
		BeginReloadAssembly (193ms)
			ExecutionOrderSort (0ms)
			DisableScriptedObjects (4ms)
			BackupInstance (0ms)
			ReleaseScriptingObjects (0ms)
			CreateAndSetChildDomain (17ms)
		EndReloadAssembly (887ms)
			LoadAssemblies (181ms)
			RebuildTransferFunctionScriptingTraits (0ms)
			SetupTypeCache (285ms)
			ReleaseScriptCaches (0ms)
			RebuildScriptCaches (44ms)
			SetupLoadedEditorAssemblies (322ms)
				LogAssemblyErrors (0ms)
				InitializePlatformSupportModulesInManaged (4ms)
				SetLoadedEditorAssemblies (0ms)
				RefreshPlugins (43ms)
				BeforeProcessingInitializeOnLoad (69ms)
				ProcessInitializeOnLoadAttributes (181ms)
				ProcessInitializeOnLoadMethodAttributes (16ms)
				AfterProcessingInitializeOnLoad (8ms)
				EditorAssembliesLoaded (0ms)
			ExecutionOrderSort2 (0ms)
			AwakeInstancesAfterBackupRestoration (6ms)
Platform modules already initialized, skipping
========================================================================
Worker process is ready to serve import requests
Launched and connected shader compiler UnityShaderCompiler.exe after 0.06 seconds
Refreshing native plugins compatible for Editor in 0.42 ms, found 3 plugins.
Preloading 0 native plugins for Editor in 0.00 ms.
Unloading 2207 Unused Serialized files (Serialized files now loaded: 0)
System memory in use before: 97.2 MB.
System memory in use after: 97.1 MB.

Unloading 31 unused Assets to reduce memory usage. Loaded Objects now: 2638.
Total: 2.848200 ms (FindLiveObjects: 0.149500 ms CreateObjectMapping: 0.068200 ms MarkObjects: 2.505500 ms  DeleteObjects: 0.124300 ms)

AssetImportParameters requested are different than current active one (requested -> active):
  custom:framework-win-MediaFoundation: 216162199b28c13a410421893ffa2e32 -> 
  custom:video-decoder-ogg-theora: a1e56fd34408186e4bbccfd4996cb3dc -> 
  custom:container-muxer-webm: aa71ff27fc2769a1b78a27578f13a17b -> 
  custom:container-demuxer-webm: 4f35f7cbe854078d1ac9338744f61a02 -> 
  custom:container-demuxer-ogg: 62fdf1f143b41e24485cea50d1cbac27 -> 
  custom:video-encoder-webm-vp8: eb34c28f22e8b96e1ab97ce403110664 -> 
  custom:video-decoder-webm-vp8: 9c59270c3fd7afecdb556c50c9e8de78 -> 
  custom:audio-decoder-ogg-vorbis: bf7c407c2cedff20999df2af8eb42d56 -> 
  custom:audio-encoder-webm-vorbis: bf7c407c2cedff20999df2af8eb42d56 -> 
========================================================================
Received Import Request.
  path: Assets/Tiles/Blue.asset
  artifactKey: Guid(621fcfd27272e7342ae8a0058cfbe952) Importer(815301076,1909f56bfc062723c751e8b465ee728b)
Start importing Assets/Tiles/Blue.asset using Guid(621fcfd27272e7342ae8a0058cfbe952) Importer(815301076,1909f56bfc062723c751e8b465ee728b)  -> (artifact id: 'da4365301d32562a99182c1c48827787') in 0.091574 seconds 
========================================================================
Received Import Request.
  Time since last request: 0.602727 seconds.
  path: Assets/Tiles/Blocks.prefab
  artifactKey: Guid(9f8e40c1e99494841b3d04827a8bd765) Importer(815301076,1909f56bfc062723c751e8b465ee728b)
Start importing Assets/Tiles/Blocks.prefab using Guid(9f8e40c1e99494841b3d04827a8bd765) Importer(815301076,1909f56bfc062723c751e8b465ee728b)  -> (artifact id: 'f617f70890ae4f0def1ce048f67d1ac5') in 0.058077 seconds 
========================================================================
Received Import Request.
  Time since last request: 7.911866 seconds.
  path: Assets/Scipts/Data.cs
  artifactKey: Guid(1fecf6116a6bb224c8fec1269b0f7d02) Importer(815301076,1909f56bfc062723c751e8b465ee728b)
Start importing Assets/Scipts/Data.cs using Guid(1fecf6116a6bb224c8fec1269b0f7d02) Importer(815301076,1909f56bfc062723c751e8b465ee728b)  -> (artifact id: '8bbc7738fe8749feabd54319fca6438b') in 0.015691 seconds 
========================================================================
Received Import Request.
  Time since last request: 1.867904 seconds.
  path: Assets/Scipts/Tetromino.cs
  artifactKey: Guid(a4ffc81fa497f8c42b1be57627240150) Importer(815301076,1909f56bfc062723c751e8b465ee728b)
Start importing Assets/Scipts/Tetromino.cs using Guid(a4ffc81fa497f8c42b1be57627240150) Importer(815301076,1909f56bfc062723c751e8b465ee728b)  -> (artifact id: '44b275e2f3692ab1f6080427dba3d9f3') in 0.005321 seconds 
========================================================================
Received Import Request.
  Time since last request: 37.428175 seconds.
  path: Assets/Tiles/Green.asset
  artifactKey: Guid(ceae91279d65d224b86708889d4ff708) Importer(815301076,1909f56bfc062723c751e8b465ee728b)
Start importing Assets/Tiles/Green.asset using Guid(ceae91279d65d224b86708889d4ff708) Importer(815301076,1909f56bfc062723c751e8b465ee728b)  -> (artifact id: '6af0ea15dfc86b6d60bdb45deccae671') in 0.011057 seconds 
========================================================================
Received Import Request.
  Time since last request: 0.000181 seconds.
  path: Assets/Tiles/Orange.asset
  artifactKey: Guid(ed146f70b8c9f3345af3cc21fbd122a1) Importer(815301076,1909f56bfc062723c751e8b465ee728b)
Start importing Assets/Tiles/Orange.asset using Guid(ed146f70b8c9f3345af3cc21fbd122a1) Importer(815301076,1909f56bfc062723c751e8b465ee728b)  -> (artifact id: 'a5c16639b06402d2ff9dbfd58c28df6a') in 0.013929 seconds 
========================================================================
Received Import Request.
  Time since last request: 0.000230 seconds.
  path: Assets/Tiles/Purple.asset
  artifactKey: Guid(0268501d47069594dbe72a2e9bcac13e) Importer(815301076,1909f56bfc062723c751e8b465ee728b)
Start importing Assets/Tiles/Purple.asset using Guid(0268501d47069594dbe72a2e9bcac13e) Importer(815301076,1909f56bfc062723c751e8b465ee728b)  -> (artifact id: '128c2d95a52bec3134561927ff9b7e6e') in 0.011728 seconds 
========================================================================
Received Import Request.
  Time since last request: 0.000241 seconds.
  path: Assets/Tiles/Red.asset
  artifactKey: Guid(cbacac5dccfa9a64798a351b404e8eee) Importer(815301076,1909f56bfc062723c751e8b465ee728b)
Start importing Assets/Tiles/Red.asset using Guid(cbacac5dccfa9a64798a351b404e8eee) Importer(815301076,1909f56bfc062723c751e8b465ee728b)  -> (artifact id: '22cdd9171b34949a8689393c05d9fca7') in 0.014223 seconds 
========================================================================
Received Import Request.
  Time since last request: 0.000229 seconds.
  path: Assets/Tiles/Yellow.asset
  artifactKey: Guid(28a1ae601aecd30469c11cefd3fa4b34) Importer(815301076,1909f56bfc062723c751e8b465ee728b)
Start importing Assets/Tiles/Yellow.asset using Guid(28a1ae601aecd30469c11cefd3fa4b34) Importer(815301076,1909f56bfc062723c751e8b465ee728b)  -> (artifact id: '8e48c68fdaeadff407c3783465ec65bf') in 0.010640 seconds 
AssetImportWorkerClient::OnTransportError - code=2 error=End of file
